"pkg-config --exists openssl"
package configuration for openssl is not found
have_library: checking for BIO_read() in -lcrypto... -------------------- yes

"gcc -fdeclspec -o conftest -I/Users/asankarraman/.rvm/rubies/ruby-3.0.1/include/ruby-3.0.0/x86_64-darwin18 -I/Users/asankarraman/.rvm/rubies/ruby-3.0.1/include/ruby-3.0.0/ruby/backward -I/Users/asankarraman/.rvm/rubies/ruby-3.0.1/include/ruby-3.0.0 -I. -D_XOPEN_SOURCE -D_DARWIN_C_SOURCE -D_DARWIN_UNLIMITED_SELECT -D_REENTRANT   -O3 -I/Users/asankarraman/.rvm/usr/include -I/usr/include -I/usr/local/Cellar/libyaml/0.2.2/include -fno-common -pipe conftest.c  -L. -L/Users/asankarraman/.rvm/rubies/ruby-3.0.1/lib -L. -L/Users/asankarraman/.rvm/usr/lib -L/usr/lib -L/usr/local/Cellar/libyaml/0.2.2/lib -fstack-protector-strong -L/usr/local/lib     -lruby.3.0   "
checked program was:
/* begin */
1: #include "ruby.h"
2: 
3: int main(int argc, char **argv)
4: {
5:   return !!argv[argc];
6: }
/* end */

"gcc -fdeclspec -o conftest -I/Users/asankarraman/.rvm/rubies/ruby-3.0.1/include/ruby-3.0.0/x86_64-darwin18 -I/Users/asankarraman/.rvm/rubies/ruby-3.0.1/include/ruby-3.0.0/ruby/backward -I/Users/asankarraman/.rvm/rubies/ruby-3.0.1/include/ruby-3.0.0 -I. -D_XOPEN_SOURCE -D_DARWIN_C_SOURCE -D_DARWIN_UNLIMITED_SELECT -D_REENTRANT   -O3 -I/Users/asankarraman/.rvm/usr/include -I/usr/include -I/usr/local/Cellar/libyaml/0.2.2/include -fno-common -pipe conftest.c  -L. -L/Users/asankarraman/.rvm/rubies/ruby-3.0.1/lib -L. -L/Users/asankarraman/.rvm/usr/lib -L/usr/lib -L/usr/local/Cellar/libyaml/0.2.2/lib -fstack-protector-strong -L/usr/local/lib     -lruby.3.0 -lcrypto   "
conftest.c:14:57: error: use of undeclared identifier 'BIO_read'
int t(void) { void ((*volatile p)()); p = (void ((*)()))BIO_read; return !p; }
                                                        ^
1 error generated.
checked program was:
/* begin */
 1: #include "ruby.h"
 2: 
 3: /*top*/
 4: extern int t(void);
 5: int main(int argc, char **argv)
 6: {
 7:   if (argc > 1000000) {
 8:     int (* volatile tp)(void)=(int (*)(void))&t;
 9:     printf("%d", (*tp)());
10:   }
11: 
12:   return !!argv[argc];
13: }
14: int t(void) { void ((*volatile p)()); p = (void ((*)()))BIO_read; return !p; }
/* end */

"gcc -fdeclspec -o conftest -I/Users/asankarraman/.rvm/rubies/ruby-3.0.1/include/ruby-3.0.0/x86_64-darwin18 -I/Users/asankarraman/.rvm/rubies/ruby-3.0.1/include/ruby-3.0.0/ruby/backward -I/Users/asankarraman/.rvm/rubies/ruby-3.0.1/include/ruby-3.0.0 -I. -D_XOPEN_SOURCE -D_DARWIN_C_SOURCE -D_DARWIN_UNLIMITED_SELECT -D_REENTRANT   -O3 -I/Users/asankarraman/.rvm/usr/include -I/usr/include -I/usr/local/Cellar/libyaml/0.2.2/include -fno-common -pipe conftest.c  -L. -L/Users/asankarraman/.rvm/rubies/ruby-3.0.1/lib -L. -L/Users/asankarraman/.rvm/usr/lib -L/usr/lib -L/usr/local/Cellar/libyaml/0.2.2/lib -fstack-protector-strong -L/usr/local/lib     -lruby.3.0 -lcrypto   "
checked program was:
/* begin */
 1: #include "ruby.h"
 2: 
 3: /*top*/
 4: extern int t(void);
 5: int main(int argc, char **argv)
 6: {
 7:   if (argc > 1000000) {
 8:     int (* volatile tp)(void)=(int (*)(void))&t;
 9:     printf("%d", (*tp)());
10:   }
11: 
12:   return !!argv[argc];
13: }
14: extern void BIO_read();
15: int t(void) { BIO_read(); return 0; }
/* end */

--------------------

have_library: checking for SSL_CTX_new() in -lssl... -------------------- yes

"gcc -fdeclspec -o conftest -I/Users/asankarraman/.rvm/rubies/ruby-3.0.1/include/ruby-3.0.0/x86_64-darwin18 -I/Users/asankarraman/.rvm/rubies/ruby-3.0.1/include/ruby-3.0.0/ruby/backward -I/Users/asankarraman/.rvm/rubies/ruby-3.0.1/include/ruby-3.0.0 -I. -D_XOPEN_SOURCE -D_DARWIN_C_SOURCE -D_DARWIN_UNLIMITED_SELECT -D_REENTRANT   -O3 -I/Users/asankarraman/.rvm/usr/include -I/usr/include -I/usr/local/Cellar/libyaml/0.2.2/include -fno-common -pipe conftest.c  -L. -L/Users/asankarraman/.rvm/rubies/ruby-3.0.1/lib -L. -L/Users/asankarraman/.rvm/usr/lib -L/usr/lib -L/usr/local/Cellar/libyaml/0.2.2/lib -fstack-protector-strong -L/usr/local/lib    -lcrypto  -lruby.3.0 -lssl -lcrypto   "
conftest.c:14:57: error: use of undeclared identifier 'SSL_CTX_new'
int t(void) { void ((*volatile p)()); p = (void ((*)()))SSL_CTX_new; return !p; }
                                                        ^
1 error generated.
checked program was:
/* begin */
 1: #include "ruby.h"
 2: 
 3: /*top*/
 4: extern int t(void);
 5: int main(int argc, char **argv)
 6: {
 7:   if (argc > 1000000) {
 8:     int (* volatile tp)(void)=(int (*)(void))&t;
 9:     printf("%d", (*tp)());
10:   }
11: 
12:   return !!argv[argc];
13: }
14: int t(void) { void ((*volatile p)()); p = (void ((*)()))SSL_CTX_new; return !p; }
/* end */

"gcc -fdeclspec -o conftest -I/Users/asankarraman/.rvm/rubies/ruby-3.0.1/include/ruby-3.0.0/x86_64-darwin18 -I/Users/asankarraman/.rvm/rubies/ruby-3.0.1/include/ruby-3.0.0/ruby/backward -I/Users/asankarraman/.rvm/rubies/ruby-3.0.1/include/ruby-3.0.0 -I. -D_XOPEN_SOURCE -D_DARWIN_C_SOURCE -D_DARWIN_UNLIMITED_SELECT -D_REENTRANT   -O3 -I/Users/asankarraman/.rvm/usr/include -I/usr/include -I/usr/local/Cellar/libyaml/0.2.2/include -fno-common -pipe conftest.c  -L. -L/Users/asankarraman/.rvm/rubies/ruby-3.0.1/lib -L. -L/Users/asankarraman/.rvm/usr/lib -L/usr/lib -L/usr/local/Cellar/libyaml/0.2.2/lib -fstack-protector-strong -L/usr/local/lib    -lcrypto  -lruby.3.0 -lssl -lcrypto   "
checked program was:
/* begin */
 1: #include "ruby.h"
 2: 
 3: /*top*/
 4: extern int t(void);
 5: int main(int argc, char **argv)
 6: {
 7:   if (argc > 1000000) {
 8:     int (* volatile tp)(void)=(int (*)(void))&t;
 9:     printf("%d", (*tp)());
10:   }
11: 
12:   return !!argv[argc];
13: }
14: extern void SSL_CTX_new();
15: int t(void) { SSL_CTX_new(); return 0; }
/* end */

--------------------

have_header: checking for openssl/bio.h... -------------------- yes

"gcc -E -I/Users/asankarraman/.rvm/rubies/ruby-3.0.1/include/ruby-3.0.0/x86_64-darwin18 -I/Users/asankarraman/.rvm/rubies/ruby-3.0.1/include/ruby-3.0.0/ruby/backward -I/Users/asankarraman/.rvm/rubies/ruby-3.0.1/include/ruby-3.0.0 -I. -D_XOPEN_SOURCE -D_DARWIN_C_SOURCE -D_DARWIN_UNLIMITED_SELECT -D_REENTRANT   -O3 -I/Users/asankarraman/.rvm/usr/include -I/usr/include -I/usr/local/Cellar/libyaml/0.2.2/include -fno-common -pipe  conftest.c -o conftest.i"
checked program was:
/* begin */
1: #include "ruby.h"
2: 
3: #include <openssl/bio.h>
/* end */

--------------------

have_func: checking for DTLS_method() in openssl/ssl.h... -------------------- no

"gcc -fdeclspec -o conftest -I/Users/asankarraman/.rvm/rubies/ruby-3.0.1/include/ruby-3.0.0/x86_64-darwin18 -I/Users/asankarraman/.rvm/rubies/ruby-3.0.1/include/ruby-3.0.0/ruby/backward -I/Users/asankarraman/.rvm/rubies/ruby-3.0.1/include/ruby-3.0.0 -I. -D_XOPEN_SOURCE -D_DARWIN_C_SOURCE -D_DARWIN_UNLIMITED_SELECT -D_REENTRANT   -O3 -I/Users/asankarraman/.rvm/usr/include -I/usr/include -I/usr/local/Cellar/libyaml/0.2.2/include -fno-common -pipe conftest.c  -L. -L/Users/asankarraman/.rvm/rubies/ruby-3.0.1/lib -L. -L/Users/asankarraman/.rvm/usr/lib -L/usr/lib -L/usr/local/Cellar/libyaml/0.2.2/lib -fstack-protector-strong -L/usr/local/lib    -lssl -lcrypto  -lruby.3.0 -lssl -lcrypto   "
conftest.c:16:57: error: use of undeclared identifier 'DTLS_method'
int t(void) { void ((*volatile p)()); p = (void ((*)()))DTLS_method; return !p; }
                                                        ^
1 error generated.
checked program was:
/* begin */
 1: #include "ruby.h"
 2: 
 3: #include <openssl/ssl.h>
 4: 
 5: /*top*/
 6: extern int t(void);
 7: int main(int argc, char **argv)
 8: {
 9:   if (argc > 1000000) {
10:     int (* volatile tp)(void)=(int (*)(void))&t;
11:     printf("%d", (*tp)());
12:   }
13: 
14:   return !!argv[argc];
15: }
16: int t(void) { void ((*volatile p)()); p = (void ((*)()))DTLS_method; return !p; }
/* end */

"gcc -fdeclspec -o conftest -I/Users/asankarraman/.rvm/rubies/ruby-3.0.1/include/ruby-3.0.0/x86_64-darwin18 -I/Users/asankarraman/.rvm/rubies/ruby-3.0.1/include/ruby-3.0.0/ruby/backward -I/Users/asankarraman/.rvm/rubies/ruby-3.0.1/include/ruby-3.0.0 -I. -D_XOPEN_SOURCE -D_DARWIN_C_SOURCE -D_DARWIN_UNLIMITED_SELECT -D_REENTRANT   -O3 -I/Users/asankarraman/.rvm/usr/include -I/usr/include -I/usr/local/Cellar/libyaml/0.2.2/include -fno-common -pipe conftest.c  -L. -L/Users/asankarraman/.rvm/rubies/ruby-3.0.1/lib -L. -L/Users/asankarraman/.rvm/usr/lib -L/usr/lib -L/usr/local/Cellar/libyaml/0.2.2/lib -fstack-protector-strong -L/usr/local/lib    -lssl -lcrypto  -lruby.3.0 -lssl -lcrypto   "
Undefined symbols for architecture x86_64:
  "_DTLS_method", referenced from:
      _t in conftest-0d6406.o
ld: symbol(s) not found for architecture x86_64
clang: error: linker command failed with exit code 1 (use -v to see invocation)
checked program was:
/* begin */
 1: #include "ruby.h"
 2: 
 3: #include <openssl/ssl.h>
 4: 
 5: /*top*/
 6: extern int t(void);
 7: int main(int argc, char **argv)
 8: {
 9:   if (argc > 1000000) {
10:     int (* volatile tp)(void)=(int (*)(void))&t;
11:     printf("%d", (*tp)());
12:   }
13: 
14:   return !!argv[argc];
15: }
16: extern void DTLS_method();
17: int t(void) { DTLS_method(); return 0; }
/* end */

--------------------

have_func: checking for TLS_server_method() in openssl/ssl.h... -------------------- no

"gcc -fdeclspec -o conftest -I/Users/asankarraman/.rvm/rubies/ruby-3.0.1/include/ruby-3.0.0/x86_64-darwin18 -I/Users/asankarraman/.rvm/rubies/ruby-3.0.1/include/ruby-3.0.0/ruby/backward -I/Users/asankarraman/.rvm/rubies/ruby-3.0.1/include/ruby-3.0.0 -I. -D_XOPEN_SOURCE -D_DARWIN_C_SOURCE -D_DARWIN_UNLIMITED_SELECT -D_REENTRANT   -O3 -I/Users/asankarraman/.rvm/usr/include -I/usr/include -I/usr/local/Cellar/libyaml/0.2.2/include -fno-common -pipe conftest.c  -L. -L/Users/asankarraman/.rvm/rubies/ruby-3.0.1/lib -L. -L/Users/asankarraman/.rvm/usr/lib -L/usr/lib -L/usr/local/Cellar/libyaml/0.2.2/lib -fstack-protector-strong -L/usr/local/lib    -lssl -lcrypto  -lruby.3.0 -lssl -lcrypto   "
conftest.c:16:57: error: use of undeclared identifier 'TLS_server_method'
int t(void) { void ((*volatile p)()); p = (void ((*)()))TLS_server_method; return !p; }
                                                        ^
1 error generated.
checked program was:
/* begin */
 1: #include "ruby.h"
 2: 
 3: #include <openssl/ssl.h>
 4: 
 5: /*top*/
 6: extern int t(void);
 7: int main(int argc, char **argv)
 8: {
 9:   if (argc > 1000000) {
10:     int (* volatile tp)(void)=(int (*)(void))&t;
11:     printf("%d", (*tp)());
12:   }
13: 
14:   return !!argv[argc];
15: }
16: int t(void) { void ((*volatile p)()); p = (void ((*)()))TLS_server_method; return !p; }
/* end */

"gcc -fdeclspec -o conftest -I/Users/asankarraman/.rvm/rubies/ruby-3.0.1/include/ruby-3.0.0/x86_64-darwin18 -I/Users/asankarraman/.rvm/rubies/ruby-3.0.1/include/ruby-3.0.0/ruby/backward -I/Users/asankarraman/.rvm/rubies/ruby-3.0.1/include/ruby-3.0.0 -I. -D_XOPEN_SOURCE -D_DARWIN_C_SOURCE -D_DARWIN_UNLIMITED_SELECT -D_REENTRANT   -O3 -I/Users/asankarraman/.rvm/usr/include -I/usr/include -I/usr/local/Cellar/libyaml/0.2.2/include -fno-common -pipe conftest.c  -L. -L/Users/asankarraman/.rvm/rubies/ruby-3.0.1/lib -L. -L/Users/asankarraman/.rvm/usr/lib -L/usr/lib -L/usr/local/Cellar/libyaml/0.2.2/lib -fstack-protector-strong -L/usr/local/lib    -lssl -lcrypto  -lruby.3.0 -lssl -lcrypto   "
Undefined symbols for architecture x86_64:
  "_TLS_server_method", referenced from:
      _t in conftest-d7314e.o
ld: symbol(s) not found for architecture x86_64
clang: error: linker command failed with exit code 1 (use -v to see invocation)
checked program was:
/* begin */
 1: #include "ruby.h"
 2: 
 3: #include <openssl/ssl.h>
 4: 
 5: /*top*/
 6: extern int t(void);
 7: int main(int argc, char **argv)
 8: {
 9:   if (argc > 1000000) {
10:     int (* volatile tp)(void)=(int (*)(void))&t;
11:     printf("%d", (*tp)());
12:   }
13: 
14:   return !!argv[argc];
15: }
16: extern void TLS_server_method();
17: int t(void) { TLS_server_method(); return 0; }
/* end */

--------------------

have_func: checking for SSL_CTX_set_min_proto_version(NULL, 0) in openssl/ssl.h... -------------------- no

"gcc -fdeclspec -o conftest -I/Users/asankarraman/.rvm/rubies/ruby-3.0.1/include/ruby-3.0.0/x86_64-darwin18 -I/Users/asankarraman/.rvm/rubies/ruby-3.0.1/include/ruby-3.0.0/ruby/backward -I/Users/asankarraman/.rvm/rubies/ruby-3.0.1/include/ruby-3.0.0 -I. -D_XOPEN_SOURCE -D_DARWIN_C_SOURCE -D_DARWIN_UNLIMITED_SELECT -D_REENTRANT   -O3 -I/Users/asankarraman/.rvm/usr/include -I/usr/include -I/usr/local/Cellar/libyaml/0.2.2/include -fno-common -pipe conftest.c  -L. -L/Users/asankarraman/.rvm/rubies/ruby-3.0.1/lib -L. -L/Users/asankarraman/.rvm/usr/lib -L/usr/lib -L/usr/local/Cellar/libyaml/0.2.2/lib -fstack-protector-strong -L/usr/local/lib    -lssl -lcrypto  -lruby.3.0 -lssl -lcrypto   "
conftest.c:17:15: warning: implicit declaration of function 'SSL_CTX_set_min_proto_version' is invalid in C99 [-Wimplicit-function-declaration]
int t(void) { SSL_CTX_set_min_proto_version(NULL, 0); return 0; }
              ^
1 warning generated.
Undefined symbols for architecture x86_64:
  "_SSL_CTX_set_min_proto_version", referenced from:
      _t in conftest-dfb80b.o
ld: symbol(s) not found for architecture x86_64
clang: error: linker command failed with exit code 1 (use -v to see invocation)
checked program was:
/* begin */
 1: #include "ruby.h"
 2: 
 3: #include <openssl/ssl.h>
 4: 
 5: /*top*/
 6: extern int t(void);
 7: int main(int argc, char **argv)
 8: {
 9:   if (argc > 1000000) {
10:     int (* volatile tp)(void)=(int (*)(void))&t;
11:     printf("%d", (*tp)());
12:   }
13: 
14:   return !!argv[argc];
15: }
16: 
17: int t(void) { SSL_CTX_set_min_proto_version(NULL, 0); return 0; }
/* end */

--------------------

have_func: checking for X509_STORE_up_ref()... -------------------- no

"gcc -fdeclspec -o conftest -I/Users/asankarraman/.rvm/rubies/ruby-3.0.1/include/ruby-3.0.0/x86_64-darwin18 -I/Users/asankarraman/.rvm/rubies/ruby-3.0.1/include/ruby-3.0.0/ruby/backward -I/Users/asankarraman/.rvm/rubies/ruby-3.0.1/include/ruby-3.0.0 -I. -D_XOPEN_SOURCE -D_DARWIN_C_SOURCE -D_DARWIN_UNLIMITED_SELECT -D_REENTRANT   -O3 -I/Users/asankarraman/.rvm/usr/include -I/usr/include -I/usr/local/Cellar/libyaml/0.2.2/include -fno-common -pipe conftest.c  -L. -L/Users/asankarraman/.rvm/rubies/ruby-3.0.1/lib -L. -L/Users/asankarraman/.rvm/usr/lib -L/usr/lib -L/usr/local/Cellar/libyaml/0.2.2/lib -fstack-protector-strong -L/usr/local/lib    -lssl -lcrypto  -lruby.3.0 -lssl -lcrypto   "
conftest.c:14:57: error: use of undeclared identifier 'X509_STORE_up_ref'
int t(void) { void ((*volatile p)()); p = (void ((*)()))X509_STORE_up_ref; return !p; }
                                                        ^
1 error generated.
checked program was:
/* begin */
 1: #include "ruby.h"
 2: 
 3: /*top*/
 4: extern int t(void);
 5: int main(int argc, char **argv)
 6: {
 7:   if (argc > 1000000) {
 8:     int (* volatile tp)(void)=(int (*)(void))&t;
 9:     printf("%d", (*tp)());
10:   }
11: 
12:   return !!argv[argc];
13: }
14: int t(void) { void ((*volatile p)()); p = (void ((*)()))X509_STORE_up_ref; return !p; }
/* end */

"gcc -fdeclspec -o conftest -I/Users/asankarraman/.rvm/rubies/ruby-3.0.1/include/ruby-3.0.0/x86_64-darwin18 -I/Users/asankarraman/.rvm/rubies/ruby-3.0.1/include/ruby-3.0.0/ruby/backward -I/Users/asankarraman/.rvm/rubies/ruby-3.0.1/include/ruby-3.0.0 -I. -D_XOPEN_SOURCE -D_DARWIN_C_SOURCE -D_DARWIN_UNLIMITED_SELECT -D_REENTRANT   -O3 -I/Users/asankarraman/.rvm/usr/include -I/usr/include -I/usr/local/Cellar/libyaml/0.2.2/include -fno-common -pipe conftest.c  -L. -L/Users/asankarraman/.rvm/rubies/ruby-3.0.1/lib -L. -L/Users/asankarraman/.rvm/usr/lib -L/usr/lib -L/usr/local/Cellar/libyaml/0.2.2/lib -fstack-protector-strong -L/usr/local/lib    -lssl -lcrypto  -lruby.3.0 -lssl -lcrypto   "
Undefined symbols for architecture x86_64:
  "_X509_STORE_up_ref", referenced from:
      _t in conftest-2da954.o
ld: symbol(s) not found for architecture x86_64
clang: error: linker command failed with exit code 1 (use -v to see invocation)
checked program was:
/* begin */
 1: #include "ruby.h"
 2: 
 3: /*top*/
 4: extern int t(void);
 5: int main(int argc, char **argv)
 6: {
 7:   if (argc > 1000000) {
 8:     int (* volatile tp)(void)=(int (*)(void))&t;
 9:     printf("%d", (*tp)());
10:   }
11: 
12:   return !!argv[argc];
13: }
14: extern void X509_STORE_up_ref();
15: int t(void) { X509_STORE_up_ref(); return 0; }
/* end */

--------------------

have_func: checking for SSL_CTX_set_ecdh_auto(NULL, 0) in openssl/ssl.h... -------------------- no

"gcc -fdeclspec -o conftest -I/Users/asankarraman/.rvm/rubies/ruby-3.0.1/include/ruby-3.0.0/x86_64-darwin18 -I/Users/asankarraman/.rvm/rubies/ruby-3.0.1/include/ruby-3.0.0/ruby/backward -I/Users/asankarraman/.rvm/rubies/ruby-3.0.1/include/ruby-3.0.0 -I. -D_XOPEN_SOURCE -D_DARWIN_C_SOURCE -D_DARWIN_UNLIMITED_SELECT -D_REENTRANT   -O3 -I/Users/asankarraman/.rvm/usr/include -I/usr/include -I/usr/local/Cellar/libyaml/0.2.2/include -fno-common -pipe conftest.c  -L. -L/Users/asankarraman/.rvm/rubies/ruby-3.0.1/lib -L. -L/Users/asankarraman/.rvm/usr/lib -L/usr/lib -L/usr/local/Cellar/libyaml/0.2.2/lib -fstack-protector-strong -L/usr/local/lib    -lssl -lcrypto  -lruby.3.0 -lssl -lcrypto   "
conftest.c:17:15: warning: implicit declaration of function 'SSL_CTX_set_ecdh_auto' is invalid in C99 [-Wimplicit-function-declaration]
int t(void) { SSL_CTX_set_ecdh_auto(NULL, 0); return 0; }
              ^
1 warning generated.
Undefined symbols for architecture x86_64:
  "_SSL_CTX_set_ecdh_auto", referenced from:
      _t in conftest-d775bc.o
ld: symbol(s) not found for architecture x86_64
clang: error: linker command failed with exit code 1 (use -v to see invocation)
checked program was:
/* begin */
 1: #include "ruby.h"
 2: 
 3: #include <openssl/ssl.h>
 4: 
 5: /*top*/
 6: extern int t(void);
 7: int main(int argc, char **argv)
 8: {
 9:   if (argc > 1000000) {
10:     int (* volatile tp)(void)=(int (*)(void))&t;
11:     printf("%d", (*tp)());
12:   }
13: 
14:   return !!argv[argc];
15: }
16: 
17: int t(void) { SSL_CTX_set_ecdh_auto(NULL, 0); return 0; }
/* end */

--------------------

